<?xml version="1.0" encoding="UTF-8"?>
<testsuite xmlns:xsi="http://www.w3.org/2001/XMLSchema-instance" xsi:noNamespaceSchemaLocation="https://maven.apache.org/surefire/maven-surefire-plugin/xsd/surefire-test-report.xsd" version="3.0.2" name="com.devcamp.oddevennumberapi.controller.OddEvenControllerTests" time="0.116" tests="2" errors="0" skipped="0" failures="0">
  <properties>
[...]
</properties>
  <testcase name="testEvenNumber" classname="com.devcamp.oddevennumberapi.controller.OddEvenControllerTests" time="0.108">
    <system-out><![CDATA[2026-03-11T21:28:27.927+07:00  INFO 90734 --- [           main] o.s.mock.web.MockServletContext          : Initializing Spring TestDispatcherServlet ''
2026-03-11T21:28:27.927+07:00  INFO 90734 --- [           main] o.s.t.web.servlet.TestDispatcherServlet  : Initializing Servlet ''
2026-03-11T21:28:27.929+07:00  INFO 90734 --- [           main] o.s.t.web.servlet.TestDispatcherServlet  : Completed initialization in 1 ms
]]></system-out>
  </testcase>
  <testcase name="testOddNumber" classname="com.devcamp.oddevennumberapi.controller.OddEvenControllerTests" time="0.005">
    <system-out><![CDATA[2026-03-11T21:28:28.023+07:00  INFO 90734 --- [           main] o.s.mock.web.MockServletContext          : Initializing Spring TestDispatcherServlet ''
2026-03-11T21:28:28.023+07:00  INFO 90734 --- [           main] o.s.t.web.servlet.TestDispatcherServlet  : Initializing Servlet ''
2026-03-11T21:28:28.023+07:00  INFO 90734 --- [           main] o.s.t.web.servlet.TestDispatcherServlet  : Completed initialization in 0 ms
]]></system-out>
  </testcase>
</testsuite>